Issue 29 E2E evidence, redacted
Result: PARTIAL

Test setup:
- Accounts used: [active-account] plus all configured accounts checked for existing Sheets readonly consent.
- Fixture used: goog-e2e native Spreadsheet ID 1CTgAMo-RZDkXkYl8FeyK5SmKyKZ-J-WdsQJOI9Zi3x4.
- Skipped fixture: none.

Local checks:
$ cargo build
Result: PASS.
Built target/debug/goog successfully.

Live checks:
$ ./target/debug/goog auth list
Expected: show authorized accounts available to the sandbox.
Observed: four authorized accounts were listed; account emails redacted from this evidence.
Result: PASS.

$ ./target/debug/goog drive list --json --limit 50 --quiet
Expected: find a native Google Sheets fixture without reading spreadsheet contents.
Observed: found goog-e2e native Spreadsheet 1CTgAMo-RZDkXkYl8FeyK5SmKyKZ-J-WdsQJOI9Zi3x4 with mimeType application/vnd.google-apps.spreadsheet.
Result: PASS.

$ timeout 8s ./target/debug/goog sheets get 1CTgAMo-RZDkXkYl8FeyK5SmKyKZ-J-WdsQJOI9Zi3x4 --fields 'spreadsheetId' --account [account-1] --quiet
$ timeout 8s ./target/debug/goog sheets get 1CTgAMo-RZDkXkYl8FeyK5SmKyKZ-J-WdsQJOI9Zi3x4 --fields 'spreadsheetId' --account [account-2] --quiet
$ timeout 8s ./target/debug/goog sheets get 1CTgAMo-RZDkXkYl8FeyK5SmKyKZ-J-WdsQJOI9Zi3x4 --fields 'spreadsheetId' --account [account-3] --quiet
$ timeout 8s ./target/debug/goog sheets get 1CTgAMo-RZDkXkYl8FeyK5SmKyKZ-J-WdsQJOI9Zi3x4 --fields 'spreadsheetId' --account [account-4] --quiet
Expected: at least one already-authorized account can fetch Spreadsheet metadata with the spreadsheets.readonly scope.
Observed: every account opened incremental Google consent for https://www.googleapis.com/auth/spreadsheets.readonly and timed out waiting for browser completion. OAuth URLs and account emails redacted.
Result: PARTIAL.

Reviewer notes:
- The live Sheets API call could not complete because this sandbox has tokens, but none already include spreadsheets.readonly consent.
- No spreadsheet contents, real account emails, OAuth URLs, tokens, or secrets are included in this evidence.
- After granting Sheets readonly consent on any configured account, rerun the commands in the issue's Test steps to verify the live metadata, field-mask, default grid-exclusion, and range-limited grid-data behavior.
