Issue 58 E2E evidence, redacted
Result: PARTIAL

Test setup:
- Branch: sandcastle/issue-58
- Accounts used: existing configured accounts only; account addresses redacted.
- Fixture used: none.
- Skipped fixture: live `goog auth login` consent flow was not completed because this agent session cannot interact with the Google browser/device consent screen. The `goog` executable was not installed on PATH, so checks used the built local binary at `target/debug/goog`.

Local checks:
$ npm run typecheck
Expected: Rust crate typechecks after login and Docs/Sheets scope changes.
Observed: `cargo check` finished successfully.
Result: PASS.

$ npm run test
Expected: regression tests cover combined login scopes and full Docs/Sheets scopes.
Observed: 339 lib tests, 6 distribution artifact tests, and 0 doc tests passed.
Result: PASS.

Live checks:
$ target/debug/goog auth login --help
Expected: auth login command surface is available for browser login and `--no-browser` device login.
Observed: help output showed `goog auth login [OPTIONS]` with `--no-browser`, `--account`, `--quiet`, and `--help`.
Result: PASS.

$ target/debug/goog auth list --json | wc -l
Expected: sandbox can see already-configured accounts without printing account identities.
Observed: 4 configured accounts.
Result: PASS.

$ target/debug/goog auth login
Expected: one Google consent screen requests identity plus Drive, Docs, and Sheets scopes.
Observed: not run to completion; interactive browser consent is unavailable in this agent session.
Result: PARTIAL.

$ target/debug/goog auth login --no-browser
Expected: device login requests identity plus Drive, Docs, and Sheets scopes in the device consent flow.
Observed: not run to completion; interactive device-code consent is unavailable in this agent session.
Result: PARTIAL.

Reviewer notes:
- No real email addresses, token values, document contents, spreadsheet contents, or Drive file names are included in this log.
- The unit tests assert the exact combined login scope lists and the Docs/Sheets full-scope step-up behavior that could not be observed interactively here.
- A human reviewer should complete the browser or device login flow with a test account to confirm the Google consent screen wording and then run one Docs or Sheets command immediately afterward to confirm no second consent prompt appears.
