Issue 34 E2E evidence, redacted
Result: PARTIAL

Test setup:
- Accounts used: none; live Google credentials are unavailable in this sandbox.
- Fixture used: none.
- Skipped fixture: live Google Docs fixture skipped because `goog` is not installed on PATH and `.sandcastle/secrets/` contains no exported token/config files. Per docs/agents/e2e-testing.md, this means E2E testing is unavailable and local checks continue.

Local checks:
$ cargo run --quiet -- docs list-images --help
Expected: command help renders for the high-level Docs command surface.
Observed: help rendered successfully without contacting Google.
Result: PASS.

$ cargo run --quiet -- docs list-tables --help
Expected: command help renders for the high-level Docs command surface.
Observed: help rendered successfully without contacting Google.
Result: PASS.

$ cargo run --quiet -- docs insert-image --help
Expected: command help renders for the high-level Docs command surface.
Observed: help rendered successfully without contacting Google.
Result: PASS.

$ cargo run --quiet -- docs insert-table --help
Expected: command help renders for the high-level Docs command surface.
Observed: help rendered successfully without contacting Google.
Result: PASS.

$ cargo run --quiet -- docs edit-table --help
Expected: command help renders for the high-level Docs command surface.
Observed: help rendered successfully without contacting Google.
Result: PASS.

$ cargo run --quiet -- docs apply-styles --help
Expected: command help renders for the high-level Docs command surface.
Observed: help rendered successfully without contacting Google.
Result: PASS.

$ cargo run --quiet -- docs apply-list --help
Expected: command help renders for the high-level Docs command surface.
Observed: help rendered successfully without contacting Google.
Result: PASS.

$ cargo test docs_ && cargo test run_edit_table_dry_run_replaces_cells_from_document_end
Expected: parser and mocked Docs command regressions pass.
Observed: 60 docs-filtered tests passed, including new list/image/table/style/list/edit-table coverage.
Result: PASS.

$ npm run typecheck && npm run test
Expected: full repo typecheck and test suite pass.
Observed: cargo check passed; cargo test passed with 337 unit tests, 6 distribution artifact tests, and 0 doctests.
Result: PASS.

Live checks:
$ goog auth list
Expected: list already-connected Google accounts for selecting an E2E account.
Observed: command could not be run because `goog` is not installed on PATH in this sandbox.
Result: PARTIAL.

$ goog docs <issue-34-command> ...
Expected: run the high-level Docs command against a real Google account and a scratch or read-only fixture as appropriate.
Observed: skipped because no exported Google credentials are available in `.sandcastle/secrets/` and no `goog` executable is installed.
Result: PARTIAL.

Reviewer notes:
- No real email addresses, document contents, tokens, or secrets were available or captured.
- Human review should run the live commands in the issue Test steps with a scratch `goog-e2e-` Google Doc before closing the issue.
