Issue 56 E2E evidence

Command:
  cargo run --quiet -- auth list

Output:
  EMAIL                      ACTIVE
* [active-account]           *
  [account-2]
  [account-3]
  [account-4]

Command:
  cargo run --quiet -- mail list --limit 1 --json

Output:
  {"messageId":"[message-id-1]","date":"Thu, 02 Jul 2026 15:44:50 +0000 (UTC)","from":"sender-1@redacted.example","subject":"[subject redacted]"}

Command:
  cargo run --quiet -- mail read [message-id-1]

Output:
  {"id":"[message-id-1]","threadId":"[message-id-1]","labelIds":["CATEGORY_PROMOTIONS","UNREAD","INBOX"],"payload":{"mimeType":"multipart/alternative","headers":"[headers redacted]","parts":"[2 body parts redacted]"},"snippet":"[snippet redacted]","sizeEstimate":47176}

Command:
  cargo run --quiet -- mail search 'has:attachment' --limit 1 --json

Output:
  {"messageId":"[message-id-2]","date":"Thu, 02 Jul 2026 05:08:15 +0700","from":"sender-2@redacted.example","subject":"[subject redacted]"}

Command:
  cargo run --quiet -- mail read [message-id-2]

Output:
  {"id":"[message-id-2]","payload":{"mimeType":"multipart/mixed","headers":"[headers redacted]","parts":"[message body and 1 attachment part redacted]"},"snippet":"[snippet redacted]"}
  Parsed structural check outside the CLI output: attachmentCount=1, first attachment filename redacted, MIME type application/pdf, size 240537 bytes.

Command:
  cargo run --quiet -- mail attachment download [message-id-2] [attachment-id-redacted] --output /tmp/issue56-attachment.pdf

Output:
  Downloaded 240537 bytes to /tmp/issue56-attachment.pdf
