Issue 31 E2E evidence, redacted
Result: PARTIAL

Test setup:
- Date: 2026-07-02
- Branch: sandcastle/issue-31
- Binary used: ./target/debug/goog built from this checkout with `cargo build`.
- Accounts used: [active-account], [account-2], [account-3], [account-4].
- Fixture attempted: existing Office-format spreadsheet fixture from issue 31 comments, id 11vhv20HUi4mTMgEQFcxSiplWib_WfQUU.
- Skipped fixture: live Sheets value reads could not complete because every configured account required incremental consent for `https://www.googleapis.com/auth/spreadsheets.readonly`; browser callback authorization is not available unattended inside this sandbox.

Local checks:
$ cargo build
Expected: Build the local `goog` binary for live checks.
Observed: Finished `dev` profile for package `goog v0.1.0`.
Result: PASS.

$ npm run typecheck
Expected: `cargo check` succeeds.
Observed: Finished `dev` profile for package `goog v0.1.0`.
Result: PASS.

$ npm run test
Expected: the regression suite covering Sheets value reads, batch reads, render options, readonly scope, mocked API error behavior, and Office-file fallback passes.
Observed: 319 passed, 0 failed.
Result: PASS.

Live checks:
$ ./target/debug/goog auth list
Expected: show connected accounts available to the sandbox.
Observed redacted: 4 configured accounts; one active account.
Result: PASS.

$ ./target/debug/goog sheets values get 11vhv20HUi4mTMgEQFcxSiplWib_WfQUU "Sheet1!A1:E5" | jq '{range, majorDimension, rowCount:(.values|length), columnCounts:(.values // [] | map(length))}'
Expected: fetch one ValueRange from the Office-format spreadsheet through the conversion fallback, then print only structural redacted JSON.
Observed redacted: command emitted an incremental OAuth consent prompt before JSON; `jq` reported `parse error: Invalid numeric literal at line 1, column 8`; process was interrupted after no callback arrived.
Result: PARTIAL.

$ ./target/debug/goog sheets values batch-get 11vhv20HUi4mTMgEQFcxSiplWib_WfQUU --range "Sheet1!A1:B2" --range "Sheet1!D1:E2" | jq '{spreadsheetId, valueRangeCount:(.valueRanges|length), ranges:(.valueRanges // [] | map(.range)), rowCounts:(.valueRanges // [] | map(.values|length))}'
Expected: fetch multiple ValueRanges through repeated `--range` flags and print only structural redacted JSON.
Observed redacted: command emitted an incremental OAuth consent prompt before JSON; `jq` reported `parse error: Invalid numeric literal at line 1, column 8`; process was interrupted after no callback arrived.
Result: PARTIAL.

$ ./target/debug/goog sheets values get 11vhv20HUi4mTMgEQFcxSiplWib_WfQUU "Sheet1!A1:E5" --value-render-option formula | jq '{range, majorDimension, rowCount:(.values|length), hasValues:(has("values"))}'
Expected: fetch one ValueRange using `--value-render-option formula` and print only structural redacted JSON.
Observed redacted: command emitted an incremental OAuth consent prompt before JSON; `jq` reported `parse error: Invalid numeric literal at line 1, column 8`; the CLI then panicked on broken pipe after `jq` exited early.
Result: PARTIAL.

$ timeout 45s ./target/debug/goog sheets values get 11vhv20HUi4mTMgEQFcxSiplWib_WfQUU "Sheet1!A1:E5" 2>&1
Expected: inspect the real CLI output without `jq`.
Observed redacted: printed "Opening browser for additional Google consent..." and a manual Google OAuth URL for the Sheets readonly scope; timed out waiting for callback.
Result: PARTIAL.

$ timeout 8s ./target/debug/goog --account [account-2] sheets values get 11vhv20HUi4mTMgEQFcxSiplWib_WfQUU "Sheet1!A1:E5" 2>&1 | sed -n '1,8p'
Expected: find whether a non-active account already has Sheets readonly scope.
Observed redacted: printed "Opening browser for additional Google consent..." and a manual Google OAuth URL for the Sheets readonly scope.
Result: PARTIAL.

$ timeout 8s ./target/debug/goog --account [account-3] sheets values get 11vhv20HUi4mTMgEQFcxSiplWib_WfQUU "Sheet1!A1:E5" 2>&1 | sed -n '1,8p'
Expected: find whether a non-active account already has Sheets readonly scope.
Observed redacted: printed "Opening browser for additional Google consent..." and a manual Google OAuth URL for the Sheets readonly scope.
Result: PARTIAL.

$ timeout 8s ./target/debug/goog --account [account-4] sheets values get 11vhv20HUi4mTMgEQFcxSiplWib_WfQUU "Sheet1!A1:E5" 2>&1 | sed -n '1,8p'
Expected: find whether a non-active account already has Sheets readonly scope.
Observed redacted: printed "Opening browser for additional Google consent..." and a manual Google OAuth URL for the Sheets readonly scope.
Result: PARTIAL.

Reviewer notes:
- No spreadsheet values, account email addresses, tokens, client secrets, or OAuth URLs are included in this evidence.
- Live Sheets acceptance still needs to be rerun from an account that has already granted `spreadsheets.readonly`, or by completing the prompted incremental OAuth flow before running the three value read commands above.
- Local regression coverage for issue 31 is present and passing, including raw ValueRange JSON stdout, batch response JSON stdout, formatted default reads, formula/unformatted render options, repeated ranges, readonly scope, API error behavior, and Office-file fallback for the live fixture class reported in the issue.
