Issue 30 E2E evidence, redacted
Result: PARTIAL

Test setup:
- Date: 2026-07-03.
- Accounts used: active configured account [own-account-redacted].
- Fixture intended: native Google Spreadsheet named goog-e2e-issue-30-values-write, created during this run.
- Skipped fixture: native Spreadsheet creation and mutating live writes were unavailable because .sandcastle/secrets/token.json and .sandcastle/secrets/config.toml were not mounted, and the sandbox could not export the configured account token from keychain.

Local checks:
$ cargo build
Expected: build the debug goog binary used for live checks.
Observed: dev build completed successfully and produced ./target/debug/goog.
Result: PASS.

$ cargo test sheets_values_update
Expected: parser coverage for update defaults and required --values.
Observed: 2 passed, 0 failed.
Result: PASS.

$ cargo test sheets_values_append
Expected: parser coverage for append defaults, raw/overwrite options, and required --values.
Observed: 3 passed, 0 failed.
Result: PASS.

$ cargo test commands::sheets_tests
Expected: mocked command-runner coverage for Sheets update/append URL shape, query parameters, request body passthrough, write scope, JSON stdout, invalid JSON, and API errors.
Observed: 30 passed, 0 failed.
Result: PASS.

$ npm run typecheck
Expected: repo typecheck passes.
Observed: cargo check completed successfully.
Result: PASS.

$ npm run test
Expected: full repo test suite passes.
Observed: 320 passed, 0 failed.
Result: PASS.

Live checks:
$ ./target/debug/goog auth list
Expected: confirm the sandbox can see configured accounts.
Observed: listed configured accounts; active account was present. Account emails redacted.
Result: PASS.

$ ./target/debug/goog sheets values update --help
Expected: help exposes --values, --value-input-option raw|user-entered, default user-entered, and SPREADSHEET_ID/RANGE arguments.
Observed: help showed the expected update command shape and options.
Result: PASS.

$ ./target/debug/goog sheets values append --help
Expected: help exposes --values, --value-input-option raw|user-entered, --insert-data-option insert-rows|overwrite, default user-entered, default insert-rows, and SPREADSHEET_ID/RANGE arguments.
Observed: help showed the expected append command shape and options.
Result: PASS.

$ printf '{not json' | ./target/debug/goog sheets values update dummy-spreadsheet-id 'Sheet1!D1' --values -
Expected: invalid JSON fails before any Google API request and writes nothing to stdout.
Observed: exit status 1, stdout byte count 0, stderr: error: failed to parse Google Sheets Values request body from stdin: key must be a string at line 1 column 2.
Result: PASS.

$ printf '{not json' | ./target/debug/goog sheets values append dummy-spreadsheet-id 'Sheet1!A:B' --values -
Expected: invalid JSON fails before any Google API request and writes nothing to stdout.
Observed: exit status 1, stdout byte count 0, stderr: error: failed to parse Google Sheets Values request body from stdin: key must be a string at line 1 column 2.
Result: PASS.

$ ./target/debug/goog auth export [own-account-redacted] --out /tmp/goog-issue-30-token.json
Expected: export a temporary token file so this run could create a native scratch Spreadsheet, then run mutating goog commands only against that new Spreadsheet ID.
Observed: failed before writing a usable token: error: failed to read token from keychain: system keychain error: Platform secure storage failure: PermissionDenied.
Result: FAIL.

$ printf '{"values":[["probe"]]}' | timeout 3 ./target/debug/goog sheets values update dummy-spreadsheet-id 'Sheet1!A1' --values -
Expected: in the absence of an exported token, confirm whether the active account already had Sheets write consent available to execute the live write path.
Observed: command opened an additional Google consent URL for the spreadsheets write scope. The URL, OAuth client id, redirect port, and state are redacted. The command was interrupted by timeout before authorization completed and before any mutation could occur.
Result: FAIL.

Reviewer notes:
- No live Spreadsheet was created or mutated in this run.
- The implementation is covered locally by parser, command-runner, API module, typecheck, and full test-suite checks.
- To reproduce the live acceptance path, mount .sandcastle/secrets/token.json and .sandcastle/secrets/config.toml as described in docs/agents/e2e-testing.md, or run the issue test steps outside the sandbox with an already-connected account that has Sheets write consent.
- Create a native scratch Spreadsheet named goog-e2e-issue-30-values-write during the test run, then run:
  printf '{"range":"Mismatched!A1:B1","values":[["issue-30-update",30]]}' | goog sheets values update "$SPREADSHEET_ID" "Sheet1!A1:B1" --values - --value-input-option user-entered
  printf '{"values":[["issue-30-append",31]]}' | goog sheets values append "$SPREADSHEET_ID" "Sheet1!A:B" --values - --value-input-option raw --insert-data-option overwrite
- Redact account emails, OAuth URLs, tokens, secrets, and any non-scratch Spreadsheet contents before sharing live output.
