Issue 54 E2E evidence (redacted)

Command:
  cargo run --quiet -- auth list

Output:
  EMAIL                      ACTIVE
* account-1@redacted.example *
  account-2@redacted.example
  account-3@redacted.example
  account-4@redacted.example

Result:
  Connected accounts are available in the sandbox.

Command:
  cargo run --quiet -- sheets get <existing-spreadsheet-id> --fields spreadsheetId --quiet

Output:
  Opening browser for additional Google consent...
  Could not open a browser automatically. Open this URL manually:
    https://accounts.google.com/o/oauth2/v2/auth?[oauth consent URL redacted; requested scope was https://www.googleapis.com/auth/spreadsheets.readonly]

Result:
  Stopped with Ctrl-C after the CLI requested incremental Sheets OAuth consent.
  The sandbox is headless, so the live Sheets read could not complete.

Command:
  cargo run --quiet -- drive list --json --all --quiet | rg 'goog-e2e|spreadsheet|application/vnd.google-apps.spreadsheet'

Output:
  [non-scratch Drive/Spreadsheet metadata redacted]

Result:
  No existing goog-e2e-* scratch spreadsheet was found in the listed output.
  Mutating Sheets commands were not run, because the CLI cannot create a native Google Sheet and E2E rules forbid mutating a pre-existing spreadsheet.
