Slides and Calendar E2E evidence, redacted
Result: PASS

Test setup:
- Account used: active goog account, redacted
- Scratch Slides title: goog-e2e-slides-calendar-20260709T160247Z
- Scratch Slides presentation ID: 1IVvFGeeFtLOSH_I7oTvVYNHH1-PYcmZhf3KjSqEYXX4
- Scratch Calendar event summary: goog-e2e-calendar-20260709T160424Z

Local checks:
$ cargo test slides
Result: PASS. 8 filtered tests passed.
$ cargo test calendar
Result: PASS. 8 filtered tests passed.
$ cargo test
Result: PASS. 799 unit tests, 4 distribution tests, 0 doctests.

Live checks:
$ target/debug/goog slides list --limit 1 --json | jq -c "{id,mimeType}"
Expected: one native Google Slides row.
Observed: {"id":"1IVvFGeeFtLOSH_I7oTvVYNHH1-PYcmZhf3KjSqEYXX4","mimeType":"application/vnd.google-apps.presentation"}
Result: PASS.

$ target/debug/goog slides create "goog-e2e-slides-calendar-20260709T160247Z"
Expected: created scratch presentation ID and edit URL.
Observed: presentation_id=1IVvFGeeFtLOSH_I7oTvVYNHH1-PYcmZhf3KjSqEYXX4, edit_url_present=yes
Result: PASS.

$ target/debug/goog slides batch-update PRESENTATION_ID --requests slides-request.json | jq -c "{presentationId,replies:(.replies|length)}"
Expected: batch update succeeds with three replies.
Observed: {"presentationId":"1IVvFGeeFtLOSH_I7oTvVYNHH1-PYcmZhf3KjSqEYXX4","replies":3}
Result: PASS.

$ target/debug/goog slides get PRESENTATION_ID --fields "presentationId,title,slides(objectId)" | jq -c "{presentationId,title,slideCount:(.slides|length)}"
Expected: scratch presentation can be read after mutation.
Observed: {"presentationId":"1IVvFGeeFtLOSH_I7oTvVYNHH1-PYcmZhf3KjSqEYXX4","title":"goog-e2e-slides-calendar-20260709T160247Z","slideCount":2}
Result: PASS.

$ target/debug/goog calendar calendars list --limit 1 --json | jq -c "{id,accessRole}"
Expected: one visible calendar row.
Observed: {"id":"tanakorn.k@siametrics.com","accessRole":"owner"}
Result: PASS.

$ target/debug/goog calendar events create primary --event event.json | jq -c "{id,summary,status}"
Expected: scratch calendar event is created.
Observed: {"id":"dlr6dttbnhrns1a0g0n0tau2eo","summary":"goog-e2e-calendar-20260709T160424Z","status":"confirmed"}
Result: PASS.

$ target/debug/goog calendar events list primary --query "goog-e2e-calendar-20260709T160424Z" --single-events --json | jq -s "length"
Expected: scratch event appears in event search.
Observed: matching_count=1
Result: PASS.

$ target/debug/goog calendar events get primary EVENT_ID | jq -c "{id,summary,status}"
Expected: scratch event can be read by ID.
Observed: {"id":"dlr6dttbnhrns1a0g0n0tau2eo","summary":"goog-e2e-calendar-20260709T160424Z","status":"confirmed"}
Result: PASS.

$ target/debug/goog calendar events update primary EVENT_ID --event event-update.json | jq -c "{id,summary,status}"
Expected: scratch event can be updated.
Observed: {"id":"dlr6dttbnhrns1a0g0n0tau2eo","summary":"goog-e2e-calendar-20260709T160424Z updated","status":"confirmed"}
Result: PASS.

$ target/debug/goog calendar events delete primary EVENT_ID
Expected: scratch event is deleted.
Observed: deleted	primary	dlr6dttbnhrns1a0g0n0tau2eo
Result: PASS.

Reviewer notes:
- Calendar scratch event was deleted during this run.
- Slides scratch presentation remains in Drive because goog has no delete command. It is named with the goog-e2e prefix above.
